Updating service [default]...failed.
ERROR: (gcloud.app.deploy) Error Response: [9]
Application startup error:

> map@1.0.0 start /app
> parcel index.html -p 80

Server running at http://localhost:80
âš ï¸  Could not load source file "src/ol/ol.css" in source map of "css/ol.css".
ðŸš¨  /app/js/overlay.js:1:16: Cannot resolve dependency 'ol/Map.js'
> 1 | import Map from 'ol/Map.js';
    |                ^
  2 | import View from 'ol/View.js';
  3 | import {getCenter} from 'ol/extent.js';
  4 | import ImageLayer from 'ol/layer/Image.js';
npm ERR! code ELIFECYCLE
npm ERR! errno 1
npm ERR! map@1.0.0 start: `parcel index.html -p 80`
npm ERR! Exit status 1
npm ERR!
npm ERR! Failed at the map@1.0.0 start script.
npm ERR! This is probably not a problem with npm. There is likely additional logging output above.

npm ERR! A complete log of this run can be found in:
npm ERR!     /root/.npm/_logs/2019-06-26T14_03_08_950Z-debug.log

MacBook-Air-5:kdmg ayakomuro$ cat /root/.npm/_logs/2019-06-26T14_03_08_950Z-debug.log
cat: /root/.npm/_logs/2019-06-26T14_03_08_950Z-debug.log: No such file or directory
MacBook-Air-5:kdmg ayakomuro$
